12.4247 	DEBUG 	Fullscreen settings ignored as running in pilot mode.
12.4272 	INFO 	Loaded monitor calibration from ['2026_01_12 00:18']
12.5427 	INFO 	Using renderer 'Apple M3' for graphics
12.5427 	INFO 	OpenGL version supported by driver is 2..
12.5539 	EXP 	Created window1 = Window(allowGUI=False, allowStencil=False, autoLog=True, backendConf=UNKNOWN, backgroundFit=<method-wrapper '__getattribute__' of attributeSetter object at 0x169f1e8f0>, backgroundImage=<method-wrapper '__getattribute__' of attributeSetter object at 0x169f1e950>, bitsMode=UNKNOWN, blendMode='avg', bpc=(8, 8, 8), color=array([0, 0, 0]), colorSpace='rgb', depthBits=8, fullscr=False, gamma=None, gammaErrorPolicy='raise', infoMsg=UNKNOWN, lms=UNKNOWN, monitor=<psychopy.monitors.calibTools.Monitor object at 0x169f9d2d0>, multiSample=False, name='window1', numSamples=2, pos=[np.float64(335.0), np.float64(178.0)], screen=0, size=array([1600, 1200]), stencilBits=0, stereo=False, title='PsychoPy', units='height', useFBO=True, useRetina=True, viewOri=0.0, viewPos=None, viewScale=None, waitBlanking=True, winType='pyglet')
12.5539 	EXP 	window1: backgroundImage = ''
12.5539 	EXP 	window1: backgroundFit = 'none'
12.5696 	DEBUG 	TextBox2 loaded 1 chars with 0 blanks and 1 valid
12.5788 	DEBUG 	TextBox2 loaded 1 chars with 0 blanks and 1 valid
12.5881 	DEBUG 	TextBox2 loaded 1 chars with 0 blanks and 1 valid
12.5974 	DEBUG 	TextBox2 loaded 1 chars with 0 blanks and 1 valid
12.6068 	DEBUG 	TextBox2 loaded 1 chars with 0 blanks and 1 valid
12.6157 	DEBUG 	TextBox2 loaded 1 chars with 0 blanks and 1 valid
12.6249 	DEBUG 	TextBox2 loaded 1 chars with 0 blanks and 1 valid
12.6342 	DEBUG 	TextBox2 loaded 1 chars with 0 blanks and 1 valid
12.6431 	DEBUG 	TextBox2 loaded 1 chars with 0 blanks and 1 valid
12.6520 	DEBUG 	TextBox2 loaded 1 chars with 0 blanks and 1 valid
12.6612 	DEBUG 	TextBox2 loaded 1 chars with 0 blanks and 1 valid
12.6704 	DEBUG 	TextBox2 loaded 1 chars with 0 blanks and 1 valid
12.6796 	DEBUG 	TextBox2 loaded 1 chars with 0 blanks and 1 valid
12.6888 	DEBUG 	TextBox2 loaded 1 chars with 0 blanks and 1 valid
12.6979 	DEBUG 	TextBox2 loaded 1 chars with 0 blanks and 1 valid
12.7071 	DEBUG 	TextBox2 loaded 1 chars with 0 blanks and 1 valid
12.7162 	DEBUG 	TextBox2 loaded 1 chars with 0 blanks and 1 valid
12.7252 	DEBUG 	TextBox2 loaded 1 chars with 0 blanks and 1 valid
12.7342 	DEBUG 	TextBox2 loaded 1 chars with 0 blanks and 1 valid
12.7436 	DEBUG 	TextBox2 loaded 1 chars with 0 blanks and 1 valid
12.7525 	DEBUG 	TextBox2 loaded 1 chars with 0 blanks and 1 valid
12.7527 	DEBUG 	Uploading Texture Font fontname to graphics card
12.7554 	DEBUG 	Upload of Texture Font fontname complete
12.7680 	DEBUG 	TextBox2 loaded 1 chars with 0 blanks and 1 valid
12.7774 	DEBUG 	TextBox2 loaded 1 chars with 0 blanks and 1 valid
12.7868 	DEBUG 	TextBox2 loaded 1 chars with 0 blanks and 1 valid
12.7869 	DEBUG 	Uploading Texture Font fontname to graphics card
12.7886 	DEBUG 	Upload of Texture Font fontname complete
12.7897 	EXP 	window1: Attempting to measure frame rate of screen (0) ...
12.7897 	EXP 	window1: recordFrameIntervals = False
12.8979 	EXP 	window1: recordFrameIntervals = True
13.7347 	WARNING 	Couldn't measure a consistent frame rate!
  - Is your graphics card set to sync to vertical blank?
  - Are you running other processes on your computer?

13.7596 	DEBUG 	TextBox2 loaded 1 chars with 0 blanks and 1 valid
13.7729 	DEBUG 	TextBox2 loaded 1 chars with 0 blanks and 1 valid
13.7846 	DEBUG 	TextBox2 loaded 1 chars with 0 blanks and 1 valid
13.7954 	DEBUG 	TextBox2 loaded 1 chars with 0 blanks and 1 valid
13.8054 	DEBUG 	TextBox2 loaded 1 chars with 0 blanks and 1 valid
13.8150 	DEBUG 	TextBox2 loaded 1 chars with 0 blanks and 1 valid
13.8238 	DEBUG 	TextBox2 loaded 1 chars with 0 blanks and 1 valid
13.8328 	DEBUG 	TextBox2 loaded 1 chars with 0 blanks and 1 valid
13.8419 	DEBUG 	TextBox2 loaded 1 chars with 0 blanks and 1 valid
13.8510 	DEBUG 	TextBox2 loaded 1 chars with 0 blanks and 1 valid
13.8512 	DEBUG 	Uploading Texture Font fontname to graphics card
13.8530 	DEBUG 	Upload of Texture Font fontname complete
14.4275 	INFO 	keyboard.Keyboard is using ptb backend.
14.4276 	EXP 	flank: status = STARTED
14.4766 	EXP 	Created text = TextStim(__class__=<class 'psychopy.visual.text.TextStim'>, alignHoriz=method-wrapper(...), alignText='center', alignVert=method-wrapper(...), anchorHoriz='center', anchorVert='center', antialias=True, autoDraw=False, autoLog=True, bold=False, color=array([1., 1., 1.]), colorSpace='rgb', contrast=1.0, depth=0.0, draggable=False, flipHoriz=False, flipVert=False, font='Arial', fontFiles=[], height=np.float64(0.05), italic=False, languageStyle='LTR', name='text', opacity=1, ori=0.0, pos=array([0., 0.]), rgb=UNKNOWN, text=str(...), units='height', win=Window(...), wrapWidth=1)
14.4770 	EXP 	Created text_2 = TextStim(__class__=<class 'psychopy.visual.text.TextStim'>, alignHoriz=method-wrapper(...), alignText='center', alignVert=method-wrapper(...), anchorHoriz='center', anchorVert='center', antialias=True, autoDraw=False, autoLog=True, bold=False, color=array([1., 1., 1.]), colorSpace='rgb', contrast=1.0, depth=0.0, draggable=False, flipHoriz=False, flipVert=False, font='Arial', fontFiles=[], height=0.05, italic=False, languageStyle='LTR', name='text_2', opacity=1, ori=0.0, pos=array([0., 0.]), rgb=UNKNOWN, text='', units='height', win=Window(...), wrapWidth=1)
14.4781 	EXP 	Created text_3 = TextStim(__class__=<class 'psychopy.visual.text.TextStim'>, alignHoriz=method-wrapper(...), alignText='center', alignVert=method-wrapper(...), anchorHoriz='center', anchorVert='center', antialias=True, autoDraw=False, autoLog=True, bold=False, color=array([1., 1., 1.]), colorSpace='rgb', contrast=1.0, depth=0.0, draggable=False, flipHoriz=False, flipVert=False, font='Arial', fontFiles=[], height=np.float64(0.05), italic=False, languageStyle='LTR', name='text_3', opacity=1, ori=0.0, pos=array([0., 0.]), rgb=UNKNOWN, text='+', units='height', win=Window(...), wrapWidth=1)
14.4800 	EXP 	Created text_4 = TextStim(__class__=<class 'psychopy.visual.text.TextStim'>, alignHoriz=method-wrapper(...), alignText='center', alignVert=method-wrapper(...), anchorHoriz='center', anchorVert='center', antialias=True, autoDraw=False, autoLog=True, bold=False, color=array([1., 1., 1.]), colorSpace='rgb', contrast=1.0, depth=0.0, draggable=False, flipHoriz=False, flipVert=False, font='Arial', fontFiles=[], height=np.float64(0.05), italic=False, languageStyle='LTR', name='text_4', opacity=1, ori=0.0, pos=array([0., 0.]), rgb=UNKNOWN, text='Эксперимент завершен, спасибо!', units='height', win=Window(...), wrapWidth=1)
0.0154 	INFO 	Keyboard events cleared
0.0154 	EXP 	text: autoDraw = True
2.0903 	EXP 	Device response: <KeyPress from None: t=2.0010271680075675, value=space, duration=None>
2.0938 	DEBUG 	Read excel file with openpyxl: cond.xlsx
2.0944 	EXP 	Imported cond.xlsx as conditions, 20 conditions, 3 params
2.0949 	EXP 	New trial (rep=0, index=0): <Trial 0 (0 in rep 0) data={'stimuls': '>>>>>', 'condition': 'congruent', 'response': 'right', 'thisN': 0, 'thisTrialN': 0, 'thisRepN': 0}>
2.1021 	DEBUG 	Saving data for flank ExperimentHandler
2.1026 	INFO 	saved data to /Users/valkovskaaaleksandragmail.com/Desktop/Flanker/data/pilot_flank_2026-03-05_16h57.32.843.psydat
2.1028 	INFO 	saved data to '/Users/valkovskaaaleksandragmail.com/Desktop/Flanker/data/pilot_flank_2026-03-05_16h57.32.843.csv'
2.1034 	WARNING 	Stopping key buffers but this could be dangerous ifother keyboards rely on the same.
